ERROR - 2022-03-29 00:01:28 --> Error connecting to the database: No such file or directory
CRITICAL - 2022-03-29 00:01:28 --> Unable to connect to the database.
#0 /Users/leunghocheong/Documents/programming/testing/testing/system/Database/BaseConnection.php(618): CodeIgniter\Database\BaseConnection->initialize()
#1 /Users/leunghocheong/Documents/programming/testing/testing/system/Database/BaseBuilder.php(1866): CodeIgniter\Database\BaseConnection->query('SELECT *\nFROM `...', Array, false)
#2 /Users/leunghocheong/Documents/programming/testing/testing/system/Model.php(213): CodeIgniter\Database\BaseBuilder->get()
#3 /Users/leunghocheong/Documents/programming/testing/testing/system/BaseModel.php(583): CodeIgniter\Model->doFindAll(0, 0)
#4 /Users/leunghocheong/Documents/programming/testing/testing/app/Models/NewsModel.php(17): CodeIgniter\BaseModel->findAll()
#5 /Users/leunghocheong/Documents/programming/testing/testing/app/Controllers/News.php(14): App\Models\NewsModel->getNews()
#6 /Users/leunghocheong/Documents/programming/testing/testing/system/CodeIgniter.php(936): App\Controllers\News->index()
#7 /Users/leunghocheong/Documents/programming/testing/testing/system/CodeIgniter.php(432): CodeIgniter\CodeIgniter->runController(Object(App\Controllers\News))
#8 /Users/leunghocheong/Documents/programming/testing/testing/system/CodeIgniter.php(333): CodeIgniter\CodeIgniter->handleRequest(NULL, Object(Config\Cache), false)
#9 /Users/leunghocheong/Documents/programming/testing/testing/public/index.php(44): CodeIgniter\CodeIgniter->run()
#10 /Users/leunghocheong/Documents/programming/testing/testing/system/Commands/Server/rewrite.php(45): require_once('/Users/leunghoc...')
#11 {main}
ERROR - 2022-03-29 00:06:58 --> ErrorException: SQLite3::query(): Unable to prepare statement: 1, no such table: db_news in /Users/leunghocheong/Documents/programming/testing/testing/system/Database/SQLite3/Connection.php:147
Stack trace:
#0 [internal function]: CodeIgniter\Debug\Exceptions->errorHandler(2, 'SQLite3::query(...', '/Users/leunghoc...', 147, Array)
#1 /Users/leunghocheong/Documents/programming/testing/testing/system/Database/SQLite3/Connection.php(147): SQLite3->query('SELECT *\nFROM `...')
#2 /Users/leunghocheong/Documents/programming/testing/testing/system/Database/BaseConnection.php(713): CodeIgniter\Database\SQLite3\Connection->execute('SELECT *\nFROM `...')
#3 /Users/leunghocheong/Documents/programming/testing/testing/system/Database/BaseConnection.php(641): CodeIgniter\Database\BaseConnection->simpleQuery('SELECT *\nFROM `...')
#4 /Users/leunghocheong/Documents/programming/testing/testing/system/Database/BaseBuilder.php(1866): CodeIgniter\Database\BaseConnection->query('SELECT *\nFROM `...', Array, false)
#5 /Users/leunghocheong/Documents/programming/testing/testing/system/Model.php(213): CodeIgniter\Database\BaseBuilder->get()
#6 /Users/leunghocheong/Documents/programming/testing/testing/system/BaseModel.php(583): CodeIgniter\Model->doFindAll(0, 0)
#7 /Users/leunghocheong/Documents/programming/testing/testing/app/Models/NewsModel.php(17): CodeIgniter\BaseModel->findAll()
#8 /Users/leunghocheong/Documents/programming/testing/testing/app/Controllers/News.php(14): App\Models\NewsModel->getNews()
#9 /Users/leunghocheong/Documents/programming/testing/testing/system/CodeIgniter.php(936): App\Controllers\News->index()
#10 /Users/leunghocheong/Documents/programming/testing/testing/system/CodeIgniter.php(432): CodeIgniter\CodeIgniter->runController(Object(App\Controllers\News))
#11 /Users/leunghocheong/Documents/programming/testing/testing/system/CodeIgniter.php(333): CodeIgniter\CodeIgniter->handleRequest(NULL, Object(Config\Cache), false)
#12 /Users/leunghocheong/Documents/programming/testing/testing/public/index.php(44): CodeIgniter\CodeIgniter->run()
#13 /Users/leunghocheong/Documents/programming/testing/testing/system/Commands/Server/rewrite.php(45): require_once('/Users/leunghoc...')
#14 {main}
ERROR - 2022-03-29 00:25:11 --> ErrorException: SQLite3::query(): Unable to prepare statement: 1, no such table: db_news in /Users/leunghocheong/Documents/programming/testing/testing/system/Database/SQLite3/Connection.php:147
Stack trace:
#0 [internal function]: CodeIgniter\Debug\Exceptions->errorHandler(2, 'SQLite3::query(...', '/Users/leunghoc...', 147, Array)
#1 /Users/leunghocheong/Documents/programming/testing/testing/system/Database/SQLite3/Connection.php(147): SQLite3->query('SELECT *\nFROM `...')
#2 /Users/leunghocheong/Documents/programming/testing/testing/system/Database/BaseConnection.php(713): CodeIgniter\Database\SQLite3\Connection->execute('SELECT *\nFROM `...')
#3 /Users/leunghocheong/Documents/programming/testing/testing/system/Database/BaseConnection.php(641): CodeIgniter\Database\BaseConnection->simpleQuery('SELECT *\nFROM `...')
#4 /Users/leunghocheong/Documents/programming/testing/testing/system/Database/BaseBuilder.php(1866): CodeIgniter\Database\BaseConnection->query('SELECT *\nFROM `...', Array, false)
#5 /Users/leunghocheong/Documents/programming/testing/testing/system/Model.php(247): CodeIgniter\Database\BaseBuilder->get()
#6 /Users/leunghocheong/Documents/programming/testing/testing/system/BaseModel.php(624): CodeIgniter\Model->doFirst()
#7 /Users/leunghocheong/Documents/programming/testing/testing/app/Models/NewsModel.php(20): CodeIgniter\BaseModel->first()
#8 /Users/leunghocheong/Documents/programming/testing/testing/app/Controllers/News.php(27): App\Models\NewsModel->getNews('$1')
#9 /Users/leunghocheong/Documents/programming/testing/testing/system/CodeIgniter.php(936): App\Controllers\News->view('$1')
#10 /Users/leunghocheong/Documents/programming/testing/testing/system/CodeIgniter.php(432): CodeIgniter\CodeIgniter->runController(Object(App\Controllers\News))
#11 /Users/leunghocheong/Documents/programming/testing/testing/system/CodeIgniter.php(333): CodeIgniter\CodeIgniter->handleRequest(NULL, Object(Config\Cache), false)
#12 /Users/leunghocheong/Documents/programming/testing/testing/public/index.php(44): CodeIgniter\CodeIgniter->run()
#13 /Users/leunghocheong/Documents/programming/testing/testing/system/Commands/Server/rewrite.php(45): require_once('/Users/leunghoc...')
#14 {main}
ERROR - 2022-03-29 00:25:23 --> ErrorException: SQLite3::query(): Unable to prepare statement: 1, no such table: db_news in /Users/leunghocheong/Documents/programming/testing/testing/system/Database/SQLite3/Connection.php:147
Stack trace:
#0 [internal function]: CodeIgniter\Debug\Exceptions->errorHandler(2, 'SQLite3::query(...', '/Users/leunghoc...', 147, Array)
#1 /Users/leunghocheong/Documents/programming/testing/testing/system/Database/SQLite3/Connection.php(147): SQLite3->query('SELECT *\nFROM `...')
#2 /Users/leunghocheong/Documents/programming/testing/testing/system/Database/BaseConnection.php(713): CodeIgniter\Database\SQLite3\Connection->execute('SELECT *\nFROM `...')
#3 /Users/leunghocheong/Documents/programming/testing/testing/system/Database/BaseConnection.php(641): CodeIgniter\Database\BaseConnection->simpleQuery('SELECT *\nFROM `...')
#4 /Users/leunghocheong/Documents/programming/testing/testing/system/Database/BaseBuilder.php(1866): CodeIgniter\Database\BaseConnection->query('SELECT *\nFROM `...', Array, false)
#5 /Users/leunghocheong/Documents/programming/testing/testing/system/Model.php(247): CodeIgniter\Database\BaseBuilder->get()
#6 /Users/leunghocheong/Documents/programming/testing/testing/system/BaseModel.php(624): CodeIgniter\Model->doFirst()
#7 /Users/leunghocheong/Documents/programming/testing/testing/app/Models/NewsModel.php(20): CodeIgniter\BaseModel->first()
#8 /Users/leunghocheong/Documents/programming/testing/testing/app/Controllers/News.php(27): App\Models\NewsModel->getNews('$1')
#9 /Users/leunghocheong/Documents/programming/testing/testing/system/CodeIgniter.php(936): App\Controllers\News->view('$1')
#10 /Users/leunghocheong/Documents/programming/testing/testing/system/CodeIgniter.php(432): CodeIgniter\CodeIgniter->runController(Object(App\Controllers\News))
#11 /Users/leunghocheong/Documents/programming/testing/testing/system/CodeIgniter.php(333): CodeIgniter\CodeIgniter->handleRequest(NULL, Object(Config\Cache), false)
#12 /Users/leunghocheong/Documents/programming/testing/testing/public/index.php(44): CodeIgniter\CodeIgniter->run()
#13 /Users/leunghocheong/Documents/programming/testing/testing/system/Commands/Server/rewrite.php(45): require_once('/Users/leunghoc...')
#14 {main}
ERROR - 2022-03-29 00:25:24 --> ErrorException: SQLite3::query(): Unable to prepare statement: 1, no such table: db_news in /Users/leunghocheong/Documents/programming/testing/testing/system/Database/SQLite3/Connection.php:147
Stack trace:
#0 [internal function]: CodeIgniter\Debug\Exceptions->errorHandler(2, 'SQLite3::query(...', '/Users/leunghoc...', 147, Array)
#1 /Users/leunghocheong/Documents/programming/testing/testing/system/Database/SQLite3/Connection.php(147): SQLite3->query('SELECT *\nFROM `...')
#2 /Users/leunghocheong/Documents/programming/testing/testing/system/Database/BaseConnection.php(713): CodeIgniter\Database\SQLite3\Connection->execute('SELECT *\nFROM `...')
#3 /Users/leunghocheong/Documents/programming/testing/testing/system/Database/BaseConnection.php(641): CodeIgniter\Database\BaseConnection->simpleQuery('SELECT *\nFROM `...')
#4 /Users/leunghocheong/Documents/programming/testing/testing/system/Database/BaseBuilder.php(1866): CodeIgniter\Database\BaseConnection->query('SELECT *\nFROM `...', Array, false)
#5 /Users/leunghocheong/Documents/programming/testing/testing/system/Model.php(247): CodeIgniter\Database\BaseBuilder->get()
#6 /Users/leunghocheong/Documents/programming/testing/testing/system/BaseModel.php(624): CodeIgniter\Model->doFirst()
#7 /Users/leunghocheong/Documents/programming/testing/testing/app/Models/NewsModel.php(20): CodeIgniter\BaseModel->first()
#8 /Users/leunghocheong/Documents/programming/testing/testing/app/Controllers/News.php(27): App\Models\NewsModel->getNews('$1')
#9 /Users/leunghocheong/Documents/programming/testing/testing/system/CodeIgniter.php(936): App\Controllers\News->view('$1')
#10 /Users/leunghocheong/Documents/programming/testing/testing/system/CodeIgniter.php(432): CodeIgniter\CodeIgniter->runController(Object(App\Controllers\News))
#11 /Users/leunghocheong/Documents/programming/testing/testing/system/CodeIgniter.php(333): CodeIgniter\CodeIgniter->handleRequest(NULL, Object(Config\Cache), false)
#12 /Users/leunghocheong/Documents/programming/testing/testing/public/index.php(44): CodeIgniter\CodeIgniter->run()
#13 /Users/leunghocheong/Documents/programming/testing/testing/system/Commands/Server/rewrite.php(45): require_once('/Users/leunghoc...')
#14 {main}
ERROR - 2022-03-29 00:25:24 --> ErrorException: SQLite3::query(): Unable to prepare statement: 1, no such table: db_news in /Users/leunghocheong/Documents/programming/testing/testing/system/Database/SQLite3/Connection.php:147
Stack trace:
#0 [internal function]: CodeIgniter\Debug\Exceptions->errorHandler(2, 'SQLite3::query(...', '/Users/leunghoc...', 147, Array)
#1 /Users/leunghocheong/Documents/programming/testing/testing/system/Database/SQLite3/Connection.php(147): SQLite3->query('SELECT *\nFROM `...')
#2 /Users/leunghocheong/Documents/programming/testing/testing/system/Database/BaseConnection.php(713): CodeIgniter\Database\SQLite3\Connection->execute('SELECT *\nFROM `...')
#3 /Users/leunghocheong/Documents/programming/testing/testing/system/Database/BaseConnection.php(641): CodeIgniter\Database\BaseConnection->simpleQuery('SELECT *\nFROM `...')
#4 /Users/leunghocheong/Documents/programming/testing/testing/system/Database/BaseBuilder.php(1866): CodeIgniter\Database\BaseConnection->query('SELECT *\nFROM `...', Array, false)
#5 /Users/leunghocheong/Documents/programming/testing/testing/system/Model.php(247): CodeIgniter\Database\BaseBuilder->get()
#6 /Users/leunghocheong/Documents/programming/testing/testing/system/BaseModel.php(624): CodeIgniter\Model->doFirst()
#7 /Users/leunghocheong/Documents/programming/testing/testing/app/Models/NewsModel.php(20): CodeIgniter\BaseModel->first()
#8 /Users/leunghocheong/Documents/programming/testing/testing/app/Controllers/News.php(27): App\Models\NewsModel->getNews('$1')
#9 /Users/leunghocheong/Documents/programming/testing/testing/system/CodeIgniter.php(936): App\Controllers\News->view('$1')
#10 /Users/leunghocheong/Documents/programming/testing/testing/system/CodeIgniter.php(432): CodeIgniter\CodeIgniter->runController(Object(App\Controllers\News))
#11 /Users/leunghocheong/Documents/programming/testing/testing/system/CodeIgniter.php(333): CodeIgniter\CodeIgniter->handleRequest(NULL, Object(Config\Cache), false)
#12 /Users/leunghocheong/Documents/programming/testing/testing/public/index.php(44): CodeIgniter\CodeIgniter->run()
#13 /Users/leunghocheong/Documents/programming/testing/testing/system/Commands/Server/rewrite.php(45): require_once('/Users/leunghoc...')
#14 {main}
ERROR - 2022-03-29 00:25:24 --> ErrorException: SQLite3::query(): Unable to prepare statement: 1, no such table: db_news in /Users/leunghocheong/Documents/programming/testing/testing/system/Database/SQLite3/Connection.php:147
Stack trace:
#0 [internal function]: CodeIgniter\Debug\Exceptions->errorHandler(2, 'SQLite3::query(...', '/Users/leunghoc...', 147, Array)
#1 /Users/leunghocheong/Documents/programming/testing/testing/system/Database/SQLite3/Connection.php(147): SQLite3->query('SELECT *\nFROM `...')
#2 /Users/leunghocheong/Documents/programming/testing/testing/system/Database/BaseConnection.php(713): CodeIgniter\Database\SQLite3\Connection->execute('SELECT *\nFROM `...')
#3 /Users/leunghocheong/Documents/programming/testing/testing/system/Database/BaseConnection.php(641): CodeIgniter\Database\BaseConnection->simpleQuery('SELECT *\nFROM `...')
#4 /Users/leunghocheong/Documents/programming/testing/testing/system/Database/BaseBuilder.php(1866): CodeIgniter\Database\BaseConnection->query('SELECT *\nFROM `...', Array, false)
#5 /Users/leunghocheong/Documents/programming/testing/testing/system/Model.php(247): CodeIgniter\Database\BaseBuilder->get()
#6 /Users/leunghocheong/Documents/programming/testing/testing/system/BaseModel.php(624): CodeIgniter\Model->doFirst()
#7 /Users/leunghocheong/Documents/programming/testing/testing/app/Models/NewsModel.php(20): CodeIgniter\BaseModel->first()
#8 /Users/leunghocheong/Documents/programming/testing/testing/app/Controllers/News.php(27): App\Models\NewsModel->getNews('$1')
#9 /Users/leunghocheong/Documents/programming/testing/testing/system/CodeIgniter.php(936): App\Controllers\News->view('$1')
#10 /Users/leunghocheong/Documents/programming/testing/testing/system/CodeIgniter.php(432): CodeIgniter\CodeIgniter->runController(Object(App\Controllers\News))
#11 /Users/leunghocheong/Documents/programming/testing/testing/system/CodeIgniter.php(333): CodeIgniter\CodeIgniter->handleRequest(NULL, Object(Config\Cache), false)
#12 /Users/leunghocheong/Documents/programming/testing/testing/public/index.php(44): CodeIgniter\CodeIgniter->run()
#13 /Users/leunghocheong/Documents/programming/testing/testing/system/Commands/Server/rewrite.php(45): require_once('/Users/leunghoc...')
#14 {main}
ERROR - 2022-03-29 00:25:35 --> ErrorException: SQLite3::query(): Unable to prepare statement: 1, no such table: db_news in /Users/leunghocheong/Documents/programming/testing/testing/system/Database/SQLite3/Connection.php:147
Stack trace:
#0 [internal function]: CodeIgniter\Debug\Exceptions->errorHandler(2, 'SQLite3::query(...', '/Users/leunghoc...', 147, Array)
#1 /Users/leunghocheong/Documents/programming/testing/testing/system/Database/SQLite3/Connection.php(147): SQLite3->query('SELECT *\nFROM `...')
#2 /Users/leunghocheong/Documents/programming/testing/testing/system/Database/BaseConnection.php(713): CodeIgniter\Database\SQLite3\Connection->execute('SELECT *\nFROM `...')
#3 /Users/leunghocheong/Documents/programming/testing/testing/system/Database/BaseConnection.php(641): CodeIgniter\Database\BaseConnection->simpleQuery('SELECT *\nFROM `...')
#4 /Users/leunghocheong/Documents/programming/testing/testing/system/Database/BaseBuilder.php(1866): CodeIgniter\Database\BaseConnection->query('SELECT *\nFROM `...', Array, false)
#5 /Users/leunghocheong/Documents/programming/testing/testing/system/Model.php(213): CodeIgniter\Database\BaseBuilder->get()
#6 /Users/leunghocheong/Documents/programming/testing/testing/system/BaseModel.php(583): CodeIgniter\Model->doFindAll(0, 0)
#7 /Users/leunghocheong/Documents/programming/testing/testing/app/Models/NewsModel.php(17): CodeIgniter\BaseModel->findAll()
#8 /Users/leunghocheong/Documents/programming/testing/testing/app/Controllers/News.php(14): App\Models\NewsModel->getNews()
#9 /Users/leunghocheong/Documents/programming/testing/testing/system/CodeIgniter.php(936): App\Controllers\News->index()
#10 /Users/leunghocheong/Documents/programming/testing/testing/system/CodeIgniter.php(432): CodeIgniter\CodeIgniter->runController(Object(App\Controllers\News))
#11 /Users/leunghocheong/Documents/programming/testing/testing/system/CodeIgniter.php(333): CodeIgniter\CodeIgniter->handleRequest(NULL, Object(Config\Cache), false)
#12 /Users/leunghocheong/Documents/programming/testing/testing/public/index.php(44): CodeIgniter\CodeIgniter->run()
#13 /Users/leunghocheong/Documents/programming/testing/testing/system/Commands/Server/rewrite.php(45): require_once('/Users/leunghoc...')
#14 {main}
ERROR - 2022-03-29 00:36:35 --> ErrorException: SQLite3::query(): Unable to prepare statement: 1, no such table: db_news in /Users/leunghocheong/Documents/programming/testing/testing/system/Database/SQLite3/Connection.php:147
Stack trace:
#0 [internal function]: CodeIgniter\Debug\Exceptions->errorHandler(2, 'SQLite3::query(...', '/Users/leunghoc...', 147, Array)
#1 /Users/leunghocheong/Documents/programming/testing/testing/system/Database/SQLite3/Connection.php(147): SQLite3->query('SELECT *\nFROM `...')
#2 /Users/leunghocheong/Documents/programming/testing/testing/system/Database/BaseConnection.php(713): CodeIgniter\Database\SQLite3\Connection->execute('SELECT *\nFROM `...')
#3 /Users/leunghocheong/Documents/programming/testing/testing/system/Database/BaseConnection.php(641): CodeIgniter\Database\BaseConnection->simpleQuery('SELECT *\nFROM `...')
#4 /Users/leunghocheong/Documents/programming/testing/testing/system/Database/BaseBuilder.php(1866): CodeIgniter\Database\BaseConnection->query('SELECT *\nFROM `...', Array, false)
#5 /Users/leunghocheong/Documents/programming/testing/testing/system/Model.php(213): CodeIgniter\Database\BaseBuilder->get()
#6 /Users/leunghocheong/Documents/programming/testing/testing/system/BaseModel.php(583): CodeIgniter\Model->doFindAll(0, 0)
#7 /Users/leunghocheong/Documents/programming/testing/testing/app/Models/NewsModel.php(17): CodeIgniter\BaseModel->findAll()
#8 /Users/leunghocheong/Documents/programming/testing/testing/app/Controllers/News.php(14): App\Models\NewsModel->getNews()
#9 /Users/leunghocheong/Documents/programming/testing/testing/system/CodeIgniter.php(936): App\Controllers\News->index()
#10 /Users/leunghocheong/Documents/programming/testing/testing/system/CodeIgniter.php(432): CodeIgniter\CodeIgniter->runController(Object(App\Controllers\News))
#11 /Users/leunghocheong/Documents/programming/testing/testing/system/CodeIgniter.php(333): CodeIgniter\CodeIgniter->handleRequest(NULL, Object(Config\Cache), false)
#12 /Users/leunghocheong/Documents/programming/testing/testing/public/index.php(44): CodeIgniter\CodeIgniter->run()
#13 /Users/leunghocheong/Documents/programming/testing/testing/system/Commands/Server/rewrite.php(45): require_once('/Users/leunghoc...')
#14 {main}
ERROR - 2022-03-29 00:36:37 --> ErrorException: SQLite3::query(): Unable to prepare statement: 1, no such table: db_news in /Users/leunghocheong/Documents/programming/testing/testing/system/Database/SQLite3/Connection.php:147
Stack trace:
#0 [internal function]: CodeIgniter\Debug\Exceptions->errorHandler(2, 'SQLite3::query(...', '/Users/leunghoc...', 147, Array)
#1 /Users/leunghocheong/Documents/programming/testing/testing/system/Database/SQLite3/Connection.php(147): SQLite3->query('SELECT *\nFROM `...')
#2 /Users/leunghocheong/Documents/programming/testing/testing/system/Database/BaseConnection.php(713): CodeIgniter\Database\SQLite3\Connection->execute('SELECT *\nFROM `...')
#3 /Users/leunghocheong/Documents/programming/testing/testing/system/Database/BaseConnection.php(641): CodeIgniter\Database\BaseConnection->simpleQuery('SELECT *\nFROM `...')
#4 /Users/leunghocheong/Documents/programming/testing/testing/system/Database/BaseBuilder.php(1866): CodeIgniter\Database\BaseConnection->query('SELECT *\nFROM `...', Array, false)
#5 /Users/leunghocheong/Documents/programming/testing/testing/system/Model.php(213): CodeIgniter\Database\BaseBuilder->get()
#6 /Users/leunghocheong/Documents/programming/testing/testing/system/BaseModel.php(583): CodeIgniter\Model->doFindAll(0, 0)
#7 /Users/leunghocheong/Documents/programming/testing/testing/app/Models/NewsModel.php(17): CodeIgniter\BaseModel->findAll()
#8 /Users/leunghocheong/Documents/programming/testing/testing/app/Controllers/News.php(14): App\Models\NewsModel->getNews()
#9 /Users/leunghocheong/Documents/programming/testing/testing/system/CodeIgniter.php(936): App\Controllers\News->index()
#10 /Users/leunghocheong/Documents/programming/testing/testing/system/CodeIgniter.php(432): CodeIgniter\CodeIgniter->runController(Object(App\Controllers\News))
#11 /Users/leunghocheong/Documents/programming/testing/testing/system/CodeIgniter.php(333): CodeIgniter\CodeIgniter->handleRequest(NULL, Object(Config\Cache), false)
#12 /Users/leunghocheong/Documents/programming/testing/testing/public/index.php(44): CodeIgniter\CodeIgniter->run()
#13 /Users/leunghocheong/Documents/programming/testing/testing/system/Commands/Server/rewrite.php(45): require_once('/Users/leunghoc...')
#14 {main}
ERROR - 2022-03-29 00:36:37 --> ErrorException: SQLite3::query(): Unable to prepare statement: 1, no such table: db_news in /Users/leunghocheong/Documents/programming/testing/testing/system/Database/SQLite3/Connection.php:147
Stack trace:
#0 [internal function]: CodeIgniter\Debug\Exceptions->errorHandler(2, 'SQLite3::query(...', '/Users/leunghoc...', 147, Array)
#1 /Users/leunghocheong/Documents/programming/testing/testing/system/Database/SQLite3/Connection.php(147): SQLite3->query('SELECT *\nFROM `...')
#2 /Users/leunghocheong/Documents/programming/testing/testing/system/Database/BaseConnection.php(713): CodeIgniter\Database\SQLite3\Connection->execute('SELECT *\nFROM `...')
#3 /Users/leunghocheong/Documents/programming/testing/testing/system/Database/BaseConnection.php(641): CodeIgniter\Database\BaseConnection->simpleQuery('SELECT *\nFROM `...')
#4 /Users/leunghocheong/Documents/programming/testing/testing/system/Database/BaseBuilder.php(1866): CodeIgniter\Database\BaseConnection->query('SELECT *\nFROM `...', Array, false)
#5 /Users/leunghocheong/Documents/programming/testing/testing/system/Model.php(213): CodeIgniter\Database\BaseBuilder->get()
#6 /Users/leunghocheong/Documents/programming/testing/testing/system/BaseModel.php(583): CodeIgniter\Model->doFindAll(0, 0)
#7 /Users/leunghocheong/Documents/programming/testing/testing/app/Models/NewsModel.php(17): CodeIgniter\BaseModel->findAll()
#8 /Users/leunghocheong/Documents/programming/testing/testing/app/Controllers/News.php(14): App\Models\NewsModel->getNews()
#9 /Users/leunghocheong/Documents/programming/testing/testing/system/CodeIgniter.php(936): App\Controllers\News->index()
#10 /Users/leunghocheong/Documents/programming/testing/testing/system/CodeIgniter.php(432): CodeIgniter\CodeIgniter->runController(Object(App\Controllers\News))
#11 /Users/leunghocheong/Documents/programming/testing/testing/system/CodeIgniter.php(333): CodeIgniter\CodeIgniter->handleRequest(NULL, Object(Config\Cache), false)
#12 /Users/leunghocheong/Documents/programming/testing/testing/public/index.php(44): CodeIgniter\CodeIgniter->run()
#13 /Users/leunghocheong/Documents/programming/testing/testing/system/Commands/Server/rewrite.php(45): require_once('/Users/leunghoc...')
#14 {main}
ERROR - 2022-03-29 00:51:09 --> ErrorException: SQLite3::query(): Unable to prepare statement: 1, no such table: db_news in /Users/leunghocheong/Documents/programming/testing/testing/system/Database/SQLite3/Connection.php:147
Stack trace:
#0 [internal function]: CodeIgniter\Debug\Exceptions->errorHandler(2, 'SQLite3::query(...', '/Users/leunghoc...', 147, Array)
#1 /Users/leunghocheong/Documents/programming/testing/testing/system/Database/SQLite3/Connection.php(147): SQLite3->query('SELECT *\nFROM `...')
#2 /Users/leunghocheong/Documents/programming/testing/testing/system/Database/BaseConnection.php(713): CodeIgniter\Database\SQLite3\Connection->execute('SELECT *\nFROM `...')
#3 /Users/leunghocheong/Documents/programming/testing/testing/system/Database/BaseConnection.php(641): CodeIgniter\Database\BaseConnection->simpleQuery('SELECT *\nFROM `...')
#4 /Users/leunghocheong/Documents/programming/testing/testing/system/Database/BaseBuilder.php(1866): CodeIgniter\Database\BaseConnection->query('SELECT *\nFROM `...', Array, false)
#5 /Users/leunghocheong/Documents/programming/testing/testing/system/Model.php(213): CodeIgniter\Database\BaseBuilder->get()
#6 /Users/leunghocheong/Documents/programming/testing/testing/system/BaseModel.php(583): CodeIgniter\Model->doFindAll(0, 0)
#7 /Users/leunghocheong/Documents/programming/testing/testing/app/Models/NewsModel.php(17): CodeIgniter\BaseModel->findAll()
#8 /Users/leunghocheong/Documents/programming/testing/testing/app/Controllers/News.php(14): App\Models\NewsModel->getNews()
#9 /Users/leunghocheong/Documents/programming/testing/testing/system/CodeIgniter.php(936): App\Controllers\News->index()
#10 /Users/leunghocheong/Documents/programming/testing/testing/system/CodeIgniter.php(432): CodeIgniter\CodeIgniter->runController(Object(App\Controllers\News))
#11 /Users/leunghocheong/Documents/programming/testing/testing/system/CodeIgniter.php(333): CodeIgniter\CodeIgniter->handleRequest(NULL, Object(Config\Cache), false)
#12 /Users/leunghocheong/Documents/programming/testing/testing/public/index.php(44): CodeIgniter\CodeIgniter->run()
#13 /Users/leunghocheong/Documents/programming/testing/testing/system/Commands/Server/rewrite.php(45): require_once('/Users/leunghoc...')
#14 {main}
ERROR - 2022-03-29 00:52:37 --> ErrorException: SQLite3::query(): Unable to prepare statement: 1, no such table: db_news in /Users/leunghocheong/Documents/programming/testing/testing/system/Database/SQLite3/Connection.php:147
Stack trace:
#0 [internal function]: CodeIgniter\Debug\Exceptions->errorHandler(2, 'SQLite3::query(...', '/Users/leunghoc...', 147, Array)
#1 /Users/leunghocheong/Documents/programming/testing/testing/system/Database/SQLite3/Connection.php(147): SQLite3->query('SELECT *\nFROM `...')
#2 /Users/leunghocheong/Documents/programming/testing/testing/system/Database/BaseConnection.php(713): CodeIgniter\Database\SQLite3\Connection->execute('SELECT *\nFROM `...')
#3 /Users/leunghocheong/Documents/programming/testing/testing/system/Database/BaseConnection.php(641): CodeIgniter\Database\BaseConnection->simpleQuery('SELECT *\nFROM `...')
#4 /Users/leunghocheong/Documents/programming/testing/testing/system/Database/BaseBuilder.php(1866): CodeIgniter\Database\BaseConnection->query('SELECT *\nFROM `...', Array, false)
#5 /Users/leunghocheong/Documents/programming/testing/testing/system/Model.php(213): CodeIgniter\Database\BaseBuilder->get()
#6 /Users/leunghocheong/Documents/programming/testing/testing/system/BaseModel.php(583): CodeIgniter\Model->doFindAll(0, 0)
#7 /Users/leunghocheong/Documents/programming/testing/testing/app/Models/NewsModel.php(17): CodeIgniter\BaseModel->findAll()
#8 /Users/leunghocheong/Documents/programming/testing/testing/app/Controllers/News.php(14): App\Models\NewsModel->getNews()
#9 /Users/leunghocheong/Documents/programming/testing/testing/system/CodeIgniter.php(936): App\Controllers\News->index()
#10 /Users/leunghocheong/Documents/programming/testing/testing/system/CodeIgniter.php(432): CodeIgniter\CodeIgniter->runController(Object(App\Controllers\News))
#11 /Users/leunghocheong/Documents/programming/testing/testing/system/CodeIgniter.php(333): CodeIgniter\CodeIgniter->handleRequest(NULL, Object(Config\Cache), false)
#12 /Users/leunghocheong/Documents/programming/testing/testing/public/index.php(44): CodeIgniter\CodeIgniter->run()
#13 /Users/leunghocheong/Documents/programming/testing/testing/system/Commands/Server/rewrite.php(45): require_once('/Users/leunghoc...')
#14 {main}
ERROR - 2022-03-29 00:53:12 --> ErrorException: SQLite3::query(): Unable to prepare statement: 1, no such table: db_news in /Users/leunghocheong/Documents/programming/testing/testing/system/Database/SQLite3/Connection.php:147
Stack trace:
#0 [internal function]: CodeIgniter\Debug\Exceptions->errorHandler(2, 'SQLite3::query(...', '/Users/leunghoc...', 147, Array)
#1 /Users/leunghocheong/Documents/programming/testing/testing/system/Database/SQLite3/Connection.php(147): SQLite3->query('SELECT *\nFROM `...')
#2 /Users/leunghocheong/Documents/programming/testing/testing/system/Database/BaseConnection.php(713): CodeIgniter\Database\SQLite3\Connection->execute('SELECT *\nFROM `...')
#3 /Users/leunghocheong/Documents/programming/testing/testing/system/Database/BaseConnection.php(641): CodeIgniter\Database\BaseConnection->simpleQuery('SELECT *\nFROM `...')
#4 /Users/leunghocheong/Documents/programming/testing/testing/system/Database/BaseBuilder.php(1866): CodeIgniter\Database\BaseConnection->query('SELECT *\nFROM `...', Array, false)
#5 /Users/leunghocheong/Documents/programming/testing/testing/system/Model.php(213): CodeIgniter\Database\BaseBuilder->get()
#6 /Users/leunghocheong/Documents/programming/testing/testing/system/BaseModel.php(583): CodeIgniter\Model->doFindAll(0, 0)
#7 /Users/leunghocheong/Documents/programming/testing/testing/app/Models/NewsModel.php(17): CodeIgniter\BaseModel->findAll()
#8 /Users/leunghocheong/Documents/programming/testing/testing/app/Controllers/News.php(14): App\Models\NewsModel->getNews()
#9 /Users/leunghocheong/Documents/programming/testing/testing/system/CodeIgniter.php(936): App\Controllers\News->index()
#10 /Users/leunghocheong/Documents/programming/testing/testing/system/CodeIgniter.php(432): CodeIgniter\CodeIgniter->runController(Object(App\Controllers\News))
#11 /Users/leunghocheong/Documents/programming/testing/testing/system/CodeIgniter.php(333): CodeIgniter\CodeIgniter->handleRequest(NULL, Object(Config\Cache), false)
#12 /Users/leunghocheong/Documents/programming/testing/testing/public/index.php(44): CodeIgniter\CodeIgniter->run()
#13 /Users/leunghocheong/Documents/programming/testing/testing/system/Commands/Server/rewrite.php(45): require_once('/Users/leunghoc...')
#14 {main}
ERROR - 2022-03-29 00:58:42 --> ErrorException: SQLite3::query(): Unable to prepare statement: 1, no such table: db_news in /Users/leunghocheong/Documents/programming/testing/testing/system/Database/SQLite3/Connection.php:147
Stack trace:
#0 [internal function]: CodeIgniter\Debug\Exceptions->errorHandler(2, 'SQLite3::query(...', '/Users/leunghoc...', 147, Array)
#1 /Users/leunghocheong/Documents/programming/testing/testing/system/Database/SQLite3/Connection.php(147): SQLite3->query('SELECT *\nFROM `...')
#2 /Users/leunghocheong/Documents/programming/testing/testing/system/Database/BaseConnection.php(713): CodeIgniter\Database\SQLite3\Connection->execute('SELECT *\nFROM `...')
#3 /Users/leunghocheong/Documents/programming/testing/testing/system/Database/BaseConnection.php(641): CodeIgniter\Database\BaseConnection->simpleQuery('SELECT *\nFROM `...')
#4 /Users/leunghocheong/Documents/programming/testing/testing/system/Database/BaseBuilder.php(1866): CodeIgniter\Database\BaseConnection->query('SELECT *\nFROM `...', Array, false)
#5 /Users/leunghocheong/Documents/programming/testing/testing/system/Model.php(213): CodeIgniter\Database\BaseBuilder->get()
#6 /Users/leunghocheong/Documents/programming/testing/testing/system/BaseModel.php(583): CodeIgniter\Model->doFindAll(0, 0)
#7 /Users/leunghocheong/Documents/programming/testing/testing/app/Models/NewsModel.php(17): CodeIgniter\BaseModel->findAll()
#8 /Users/leunghocheong/Documents/programming/testing/testing/app/Controllers/News.php(14): App\Models\NewsModel->getNews()
#9 /Users/leunghocheong/Documents/programming/testing/testing/system/CodeIgniter.php(936): App\Controllers\News->index()
#10 /Users/leunghocheong/Documents/programming/testing/testing/system/CodeIgniter.php(432): CodeIgniter\CodeIgniter->runController(Object(App\Controllers\News))
#11 /Users/leunghocheong/Documents/programming/testing/testing/system/CodeIgniter.php(333): CodeIgniter\CodeIgniter->handleRequest(NULL, Object(Config\Cache), false)
#12 /Users/leunghocheong/Documents/programming/testing/testing/public/index.php(44): CodeIgniter\CodeIgniter->run()
#13 /Users/leunghocheong/Documents/programming/testing/testing/system/Commands/Server/rewrite.php(45): require_once('/Users/leunghoc...')
#14 {main}
ERROR - 2022-03-29 01:03:22 --> Error connecting to the database: No such file or directory
CRITICAL - 2022-03-29 01:03:22 --> Unable to connect to the database.
#0 /Users/leunghocheong/Documents/programming/testing/testing/system/Database/BaseConnection.php(618): CodeIgniter\Database\BaseConnection->initialize()
#1 /Users/leunghocheong/Documents/programming/testing/testing/system/Database/BaseBuilder.php(1866): CodeIgniter\Database\BaseConnection->query('SELECT *\nFROM `...', Array, false)
#2 /Users/leunghocheong/Documents/programming/testing/testing/system/Model.php(213): CodeIgniter\Database\BaseBuilder->get()
#3 /Users/leunghocheong/Documents/programming/testing/testing/system/BaseModel.php(583): CodeIgniter\Model->doFindAll(0, 0)
#4 /Users/leunghocheong/Documents/programming/testing/testing/app/Models/NewsModel.php(17): CodeIgniter\BaseModel->findAll()
#5 /Users/leunghocheong/Documents/programming/testing/testing/app/Controllers/News.php(14): App\Models\NewsModel->getNews()
#6 /Users/leunghocheong/Documents/programming/testing/testing/system/CodeIgniter.php(936): App\Controllers\News->index()
#7 /Users/leunghocheong/Documents/programming/testing/testing/system/CodeIgniter.php(432): CodeIgniter\CodeIgniter->runController(Object(App\Controllers\News))
#8 /Users/leunghocheong/Documents/programming/testing/testing/system/CodeIgniter.php(333): CodeIgniter\CodeIgniter->handleRequest(NULL, Object(Config\Cache), false)
#9 /Users/leunghocheong/Documents/programming/testing/testing/public/index.php(44): CodeIgniter\CodeIgniter->run()
#10 /Users/leunghocheong/Documents/programming/testing/testing/system/Commands/Server/rewrite.php(45): require_once('/Users/leunghoc...')
#11 {main}
CRITICAL - 2022-03-29 01:32:32 --> Call to undefined function App\Controllers\pirnt_r()
#0 /Users/leunghocheong/Documents/programming/testing/testing/system/CodeIgniter.php(936): App\Controllers\News->create()
#1 /Users/leunghocheong/Documents/programming/testing/testing/system/CodeIgniter.php(432): CodeIgniter\CodeIgniter->runController(Object(App\Controllers\News))
#2 /Users/leunghocheong/Documents/programming/testing/testing/system/CodeIgniter.php(333): CodeIgniter\CodeIgniter->handleRequest(NULL, Object(Config\Cache), false)
#3 /Users/leunghocheong/Documents/programming/testing/testing/public/index.php(44): CodeIgniter\CodeIgniter->run()
#4 /Users/leunghocheong/Documents/programming/testing/testing/system/Commands/Server/rewrite.php(45): require_once('/Users/leunghoc...')
#5 {main}
CRITICAL - 2022-03-29 01:32:46 --> Call to undefined function App\Controllers\pirnt()
#0 /Users/leunghocheong/Documents/programming/testing/testing/system/CodeIgniter.php(936): App\Controllers\News->create()
#1 /Users/leunghocheong/Documents/programming/testing/testing/system/CodeIgniter.php(432): CodeIgniter\CodeIgniter->runController(Object(App\Controllers\News))
#2 /Users/leunghocheong/Documents/programming/testing/testing/system/CodeIgniter.php(333): CodeIgniter\CodeIgniter->handleRequest(NULL, Object(Config\Cache), false)
#3 /Users/leunghocheong/Documents/programming/testing/testing/public/index.php(44): CodeIgniter\CodeIgniter->run()
#4 /Users/leunghocheong/Documents/programming/testing/testing/system/Commands/Server/rewrite.php(45): require_once('/Users/leunghoc...')
#5 {main}
CRITICAL - 2022-03-29 01:33:00 --> Call to undefined function App\Controllers\pirnt()
#0 /Users/leunghocheong/Documents/programming/testing/testing/system/CodeIgniter.php(936): App\Controllers\News->create()
#1 /Users/leunghocheong/Documents/programming/testing/testing/system/CodeIgniter.php(432): CodeIgniter\CodeIgniter->runController(Object(App\Controllers\News))
#2 /Users/leunghocheong/Documents/programming/testing/testing/system/CodeIgniter.php(333): CodeIgniter\CodeIgniter->handleRequest(NULL, Object(Config\Cache), false)
#3 /Users/leunghocheong/Documents/programming/testing/testing/public/index.php(44): CodeIgniter\CodeIgniter->run()
#4 /Users/leunghocheong/Documents/programming/testing/testing/system/Commands/Server/rewrite.php(45): require_once('/Users/leunghoc...')
#5 {main}
CRITICAL - 2022-03-29 01:33:01 --> Call to undefined function App\Controllers\pirnt()
#0 /Users/leunghocheong/Documents/programming/testing/testing/system/CodeIgniter.php(936): App\Controllers\News->create()
#1 /Users/leunghocheong/Documents/programming/testing/testing/system/CodeIgniter.php(432): CodeIgniter\CodeIgniter->runController(Object(App\Controllers\News))
#2 /Users/leunghocheong/Documents/programming/testing/testing/system/CodeIgniter.php(333): CodeIgniter\CodeIgniter->handleRequest(NULL, Object(Config\Cache), false)
#3 /Users/leunghocheong/Documents/programming/testing/testing/public/index.php(44): CodeIgniter\CodeIgniter->run()
#4 /Users/leunghocheong/Documents/programming/testing/testing/system/Commands/Server/rewrite.php(45): require_once('/Users/leunghoc...')
#5 {main}
CRITICAL - 2022-03-29 01:33:01 --> Call to undefined function App\Controllers\pirnt()
#0 /Users/leunghocheong/Documents/programming/testing/testing/system/CodeIgniter.php(936): App\Controllers\News->create()
#1 /Users/leunghocheong/Documents/programming/testing/testing/system/CodeIgniter.php(432): CodeIgniter\CodeIgniter->runController(Object(App\Controllers\News))
#2 /Users/leunghocheong/Documents/programming/testing/testing/system/CodeIgniter.php(333): CodeIgniter\CodeIgniter->handleRequest(NULL, Object(Config\Cache), false)
#3 /Users/leunghocheong/Documents/programming/testing/testing/public/index.php(44): CodeIgniter\CodeIgniter->run()
#4 /Users/leunghocheong/Documents/programming/testing/testing/system/Commands/Server/rewrite.php(45): require_once('/Users/leunghoc...')
#5 {main}
CRITICAL - 2022-03-29 01:33:02 --> Call to undefined function App\Controllers\pirnt()
#0 /Users/leunghocheong/Documents/programming/testing/testing/system/CodeIgniter.php(936): App\Controllers\News->create()
#1 /Users/leunghocheong/Documents/programming/testing/testing/system/CodeIgniter.php(432): CodeIgniter\CodeIgniter->runController(Object(App\Controllers\News))
#2 /Users/leunghocheong/Documents/programming/testing/testing/system/CodeIgniter.php(333): CodeIgniter\CodeIgniter->handleRequest(NULL, Object(Config\Cache), false)
#3 /Users/leunghocheong/Documents/programming/testing/testing/public/index.php(44): CodeIgniter\CodeIgniter->run()
#4 /Users/leunghocheong/Documents/programming/testing/testing/system/Commands/Server/rewrite.php(45): require_once('/Users/leunghoc...')
#5 {main}
CRITICAL - 2022-03-29 02:22:31 --> Call to a member function get_csrf_token_name() on null
#0 /Users/leunghocheong/Documents/programming/testing/testing/system/View/View.php(220): include()
#1 /Users/leunghocheong/Documents/programming/testing/testing/system/View/View.php(222): CodeIgniter\View\View->CodeIgniter\View\{closure}()
#2 /Users/leunghocheong/Documents/programming/testing/testing/system/Common.php(1217): CodeIgniter\View\View->render('news/create', Array, true)
#3 /Users/leunghocheong/Documents/programming/testing/testing/app/Controllers/News.php(56): view('news/create')
#4 /Users/leunghocheong/Documents/programming/testing/testing/system/CodeIgniter.php(936): App\Controllers\News->create()
#5 /Users/leunghocheong/Documents/programming/testing/testing/system/CodeIgniter.php(432): CodeIgniter\CodeIgniter->runController(Object(App\Controllers\News))
#6 /Users/leunghocheong/Documents/programming/testing/testing/system/CodeIgniter.php(333): CodeIgniter\CodeIgniter->handleRequest(NULL, Object(Config\Cache), false)
#7 /Users/leunghocheong/Documents/programming/testing/testing/public/index.php(44): CodeIgniter\CodeIgniter->run()
#8 /Users/leunghocheong/Documents/programming/testing/testing/system/Commands/Server/rewrite.php(45): require_once('/Users/leunghoc...')
#9 {main}
CRITICAL - 2022-03-29 02:52:35 --> syntax error, unexpected end of file, expecting function (T_FUNCTION) or const (T_CONST)
#0 /Users/leunghocheong/Documents/programming/testing/testing/system/Autoloader/Autoloader.php(265): CodeIgniter\Autoloader\Autoloader->includeFile('/Users/leunghoc...')
#1 /Users/leunghocheong/Documents/programming/testing/testing/system/Autoloader/Autoloader.php(228): CodeIgniter\Autoloader\Autoloader->loadInNamespace('App\\Models\\News...')
#2 [internal function]: CodeIgniter\Autoloader\Autoloader->loadClass('App\\Models\\News...')
#3 [internal function]: spl_autoload_call('App\\Models\\News...')
#4 /Users/leunghocheong/Documents/programming/testing/testing/system/Config/Factories.php(144): class_exists('App\\Models\\News...')
#5 /Users/leunghocheong/Documents/programming/testing/testing/system/Config/Factories.php(109): CodeIgniter\Config\Factories::locateClass(Array, 'App\\Models\\News...')
#6 /Users/leunghocheong/Documents/programming/testing/testing/system/Common.php(847): CodeIgniter\Config\Factories::__callStatic('models', Array)
#7 /Users/leunghocheong/Documents/programming/testing/testing/app/Controllers/News.php(42): model('App\\Models\\News...')
#8 /Users/leunghocheong/Documents/programming/testing/testing/system/CodeIgniter.php(936): App\Controllers\News->create()
#9 /Users/leunghocheong/Documents/programming/testing/testing/system/CodeIgniter.php(432): CodeIgniter\CodeIgniter->runController(Object(App\Controllers\News))
#10 /Users/leunghocheong/Documents/programming/testing/testing/system/CodeIgniter.php(333): CodeIgniter\CodeIgniter->handleRequest(NULL, Object(Config\Cache), false)
#11 /Users/leunghocheong/Documents/programming/testing/testing/public/index.php(44): CodeIgniter\CodeIgniter->run()
#12 /Users/leunghocheong/Documents/programming/testing/testing/system/Commands/Server/rewrite.php(45): require_once('/Users/leunghoc...')
#13 {main}
CRITICAL - 2022-03-29 02:52:52 --> Declaration of App\Models\NewsModel::save($slug = false) must be compatible with CodeIgniter\BaseModel::save($data): bool
#0 [internal function]: CodeIgniter\Debug\Exceptions->shutdownHandler()
#1 {main}
CRITICAL - 2022-03-29 02:59:59 --> toolbar filter must have a matching alias defined.
#0 /Users/leunghocheong/Documents/programming/testing/testing/system/Filters/Filters.php(527): CodeIgniter\Filters\Exceptions\FilterException::forNoAlias('toolbar')
#1 /Users/leunghocheong/Documents/programming/testing/testing/system/Filters/Filters.php(265): CodeIgniter\Filters\Filters->processAliasesToClass('after')
#2 /Users/leunghocheong/Documents/programming/testing/testing/system/Filters/Filters.php(168): CodeIgniter\Filters\Filters->initialize('news/create')
#3 /Users/leunghocheong/Documents/programming/testing/testing/system/CodeIgniter.php(403): CodeIgniter\Filters\Filters->run('news/create', 'before')
#4 /Users/leunghocheong/Documents/programming/testing/testing/system/CodeIgniter.php(333): CodeIgniter\CodeIgniter->handleRequest(NULL, Object(Config\Cache), false)
#5 /Users/leunghocheong/Documents/programming/testing/testing/public/index.php(44): CodeIgniter\CodeIgniter->run()
#6 /Users/leunghocheong/Documents/programming/testing/testing/system/Commands/Server/rewrite.php(45): require_once('/Users/leunghoc...')
#7 {main}
